


ARM Macro Assembler    Page 1 


    1 00000000         ;******************** (C) COPYRIGHT HAW-Hamburg ********
                       ************************
    2 00000000         ;* File Name          : main.s
    3 00000000         ;* Author             : Alfred Lohmann
    4 00000000         ;* Version            : V1.0
    5 00000000         ;* Date               : 15.07.2012
    6 00000000         ;* Description        : This is a simple main.
    7 00000000         ;       : The output is send to UART 1. Open Serial Wind
                       ow when 
    8 00000000         ;       : when debugging. Select UART #1 in Serial Windo
                       w selection.
    9 00000000         ;       :
   10 00000000         ;       : Replace this main with yours.
   11 00000000         ;
   12 00000000         ;*******************************************************
                       ************************
   13 00000000         
   14 00000000                 IMPORT           Init_TI_Board ; Initialize the 
                                                            serial line
   15 00000000         ;IMPORT initHW    ; Init Timer
   16 00000000                 IMPORT           puts        ; C output function
                                                            
   17 00000000                 IMPORT           TFT_puts    ; TFT output functi
                                                            on
   18 00000000         
   19 00000000         ;********************************************
   20 00000000         ; Data section, aligned on 4-byte boundery
   21 00000000         ;********************************************
   22 00000000         
   23 00000000                 AREA             MyData, DATA, align = 2
   24 00000000         
   25 00000000 0F 0F 0F 
              0F 0F 0F 
              0F 0F 0F 
              0F 0F 0F 
              0F 0F 0F 
              0F 0F 0F 
              0F 0F 0F 
              0F 0F 0F 
              0F 0F 0F 
              0F 0F 0F 
              0F 0F 0F 
              0F 0F 0F 
              0F 0F 0F 
              0F 0F 0F 
              0F 0F 0F 
              0F 0F 0F 
              0F 0F 0F 
              0F 0F 0F 
              0F 0F 0F 
              0F 0F 0F 
              0F 0F 0F 
              0F 0F 0F 
              0F 0F 0F 
              0F 0F 0F 
              0F 0F 0F 
              0F 0F 0F 
              0F 0F 0F 
              0F 0F 0F 



ARM Macro Assembler    Page 2 


              0F 0F 0F 
              0F 0F 0F 
              0F 0F 0F 
              0F 0F 0F 
              0F 0F 0F 
              0F 0F 0F 
              0F 0F 0F 
              0F 0F 0F 
              0F 0F 0F 
              0F 0F 0F 
              0F 0F 0F 
              0F 0F 0F 
              0F 0F 0F 
              0F 0F 0F 
              0F 0F 0F 
              0F 0F 0F 
              0F 0F 0F 
              0F 0F 0F 
              0F 0F 0F 
              0F 0F 0F 
              0F 0F 0F 
              0F 0F 0F 
              0F 0F 0F 
              0F 0F 0F 
              0F 0F 0F 
              0F 0F 0F 
              0F 0F 0F 
              0F 0F 0F 
              0F 0F 0F 
              0F 0F 0F 
              0F 0F 0F 
              0F 0F 0F 
              0F 0F 0F 
              0F 0F 0F 
              0F 0F 0F 
              0F 0F 0F 
              0F 0F 0F 
              0F 0F 0F 
              0F 0F 0F 
              0F 0F 0F 
              0F 0F 0F 
              0F 0F 0F 
              0F 0F 0F 
              0F 0F 0F 
              0F 0F 0F 
              0F 0F 0F 
              0F 0F 0F 
              0F 0F 0F 
              0F 0F 0F 
              0F 0F 0F 
              0F 0F 0F 
              0F 0F 0F 
              0F 0F 0F 
              0F 0F 0F 
              0F 0F 0F 
              0F 0F 0F 
              0F 0F 0F 
              0F 0F 0F 
              0F 0F 0F 



ARM Macro Assembler    Page 3 


              0F 0F 0F 
              0F 0F 0F 
              0F 0F 0F 
              0F 0F 0F 
              0F 0F 0F 
              0F 0F 0F 
              0F 0F 0F 
              0F 0F 0F 
              0F 0F 0F 
              0F 0F 0F 
              0F 0F 0F 
              0F 0F 0F 
              0F 0F 0F 
              0F 0F 0F 
              0F 0F 0F 
              0F 0F 0F 
              0F 0F 0F 
              0F 0F 0F 
              0F 0F 0F 
              0F 0F 0F 
              0F 0F 0F 
              0F 0F 0F 
              0F 0F 0F 
              0F 0F 0F 
              0F 0F 0F 
              0F 0F 0F 
              0F 0F 0F 
              0F 0F 0F 
              0F 0F 0F 
              0F 0F 0F 
              0F 0F 0F 
              0F 0F 0F 
              0F 0F 0F 
              0F 0F 0F 
              0F 0F 0F 
              0F 0F 0F 
              0F 0F 0F 
              0F 0F 0F 
              0F 0F 0F 
              0F 0F 0F 
              0F 0F 0F 
              0F 0F 0F 
              0F 0F 0F 
              0F 0F 0F 
              0F 0F 0F 
              0F 0F 0F 
              0F 0F 0F 
              0F 0F 0F 
              0F 0F 0F 
              0F 0F 0F 
              0F 0F 0F 
              0F 0F 0F 
              0F 0F 0F 
              0F 0F 0F 
              0F 0F 0F 
              0F 0F 0F 
              0F 0F 0F 
              0F 0F 0F 
              0F 0F 0F 



ARM Macro Assembler    Page 4 


              0F 0F 0F 
              0F 0F 0F 
              0F 0F 0F 
              0F 0F 0F 
              0F 0F 0F 
              0F 0F 0F 
              0F 0F 0F 
              0F 0F 0F 
              0F 0F 0F 
              0F 0F 0F 
              0F 0F 0F 
              0F 0F 0F 
              0F 0F 0F 
              0F 0F 0F 
              0F 0F 0F 
              0F 0F 0F 
              0F 0F 0F 
              0F 0F 0F 
              0F 0F 0F 
              0F 0F 0F 
              0F 0F 0F 
              0F 0F 0F 
              0F 0F 0F 
              0F 0F 0F 
              0F 0F 0F 
              0F 0F 0F 
              0F 0F 0F 
              0F 0F 0F 
              0F 0F 0F 
              0F 0F 0F 
              0F 0F 0F 
              0F 0F 0F 
              0F 0F 0F 
              0F 0F 0F 
              0F 0F 0F 
              0F 0F 0F 
              0F 0F 0F 
              0F 0F 0F 
              0F 0F 0F 
              0F 0F 0F 
              0F 0F 0F 
              0F 0F 0F 
              0F 0F 0F 
              0F 0F 0F 
              0F 0F 0F 
              0F 0F 0F 
              0F 0F 0F 
              0F 0F 0F 
              0F 0F 0F 
              0F 0F 0F 
              0F 0F 0F 
              0F 0F 0F 
              0F 0F 0F 
              0F 0F 0F 
              0F 0F 0F 
              0F 0F 0F 
              0F 0F 0F 
              0F 0F 0F 
              0F 0F 0F 



ARM Macro Assembler    Page 5 


              0F 0F 0F 
              0F 0F 0F 
              0F 0F 0F 
              0F 0F 0F 
              0F 0F 0F 
              0F 0F 0F 
              0F 0F 0F 
              0F 0F 0F 
              0F 0F 0F 
              0F 0F 0F 
              0F 0F 0F 
              0F 0F 0F 
              0F 0F 0F 
              0F 0F 0F 
              0F 0F 0F 
              0F 0F 0F 
              0F 0F 0F 
              0F 0F 0F 
              0F 0F 0F 
              0F 0F 0F 
              0F 0F 0F 
              0F 0F 0F 
              0F 0F 0F 
              0F 0F 0F 
              0F 0F 0F 
              0F 0F 0F 
              0F 0F 0F 
              0F 0F 0F 
              0F 0F 0F 
              0F 0F 0F 
              0F 0F 0F 
              0F 0F 0F 
              0F 0F 0F 
              0F 0F 0F 
              0F 0F 0F 
              0F 0F 0F 
              0F 0F 0F 
              0F 0F 0F 
              0F 0F 0F 
              0F 0F 0F 
              0F 0F 0F 
              0F 0F 0F 
              0F 0F 0F 
              0F 0F 0F 
              0F 0F 0F 
              0F 0F 0F 
              0F 0F 0F 
              0F 0F 0F 
              0F 0F 0F 
              0F 0F 0F 
              0F 0F 0F 
              0F 0F 0F 
              0F 0F 0F 
              0F 0F 0F 
              0F 0F 0F 
              0F 0F 0F 
              0F 0F 0F 
              0F 0F 0F 
              0F 0F 0F 



ARM Macro Assembler    Page 6 


              0F 0F 0F 
              0F 0F 0F 
              0F 0F 0F 
              0F 0F 0F 
              0F 0F 0F 
              0F 0F 0F 
              0F 0F 0F 
              0F 0F 0F 
              0F 0F 0F 
              0F 0F 0F 
              0F 0F 0F 
              0F 0F 0F 
              0F 0F 0F 
              0F 0F 0F 
              0F 0F 0F 
              0F 0F 0F 
              0F 0F 0F 
              0F 0F 0F 
              0F 0F 0F 
              0F 0F 0F 
              0F 0F 0F 
              0F 0F 0F 
              0F 0F 0F 
              0F 0F 0F 
              0F 0F 0F 
              0F 0F 0F 
              0F 0F 0F 
              0F 0F 0F 
              0F 0F 0F 
              0F 0F 0F 
              0F 0F 0F 
              0F 0F 0F 
              0F 0F 0F 
              0F 0F 0F 
              0F 0F 0F 
              0F 0F 0F 
              0F 0F 0F 
              0F 0F 0F 
              0F 0F 0F 
              0F 0F 0F 
              0F 0F 0F 
              0F 0F 0F 
              0F 0F 0F 
              0F 0F 0F 
              0F 0F 0F 
              0F 0F 0F 
              0F 0F 0F 
              0F 0F 0F 
              0F 0F 0F 
              0F 0F 0F 
              0F 0F 0F 
              0F 0F 0F 
              0F 0F 0F 
              0F 0F 0F 
              0F 0F 0F 
              0F 0F 0F 
              0F 0F 0F 
              0F 0F 0F 
              0F 0F 0F 



ARM Macro Assembler    Page 7 


              0F 0F 0F 
              0F 0F 0F 
              0F 0F 0F 
              0F 0F 0F 
              0F 0F 0F 
              0F 0F 0F 
              0F 0F 0F 
              0F 0F 0F 
              0F 0F 0F 
              0F 0F 0F 
              0F       filter  fill             1000,0xf
   26 000003E8 02 00 02 
              00 02 00 
              02 00 02 
              00 02 00 
              02 00 02 
              00 02 00 
              02 00 02 
              00 02 00 
              02 00 02 
              00 02 00 
              02 00 02 
              00 02 00 
              02 00 02 
              00 02 00 
              02 00 02 
              00 02 00 
              02 00 02 
              00 02 00 
              02 00 02 
              00 02 00 
              02 00 02 
              00 02 00 
              02 00 02 
              00 02 00 
              02 00 02 
              00 02 00 
              02 00 02 
              00 02 00 
              02 00 02 
              00 02 00 
              02 00 02 
              00 02 00 
              02 00 02 
              00 02 00 
              02 00 02 
              00 02 00 
              02 00 02 
              00 02 00 
              02 00 02 
              00 02 00 
              02 00 02 
              00 02 00 
              02 00 02 
              00 02 00 
              02 00 02 
              00 02 00 
              02 00 02 
              00 02 00 



ARM Macro Assembler    Page 8 


              02 00 02 
              00 02 00 
              02 00 02 
              00 02 00 
              02 00 02 
              00 02 00 
              02 00 02 
              00 02 00 prim    fill             168,2,2
   27 00000490         
   28 00000490         ;********************************************
   29 00000490         ; Code section, aligned on 8-byte boundery
   30 00000490         ;********************************************
   31 00000490         
   32 00000490                 AREA             |.text|, CODE, READONLY, ALIGN 
= 3
   33 00000000         
   34 00000000         ;--------------------------------------------
   35 00000000         ; main subroutine
   36 00000000         ;--------------------------------------------
   37 00000000                 EXPORT           main
   38 00000000                 EXTERN           Init_TI_Board
   39 00000000         main    PROC
   40 00000000 F7FF FFFE       bl               Init_TI_Board 
                                                            ; HW Initialisieren
                                                            
   41 00000004         
   42 00000004         ; r0 = Adresse auf Speicher mit 1000 Einsen von denen di
                       e Vielfachen einer Zahl mit 0 gestrichen
   43 00000004         ; r1 = Adresse auf Speicher in der die Primzahlen stehen
                       
   44 00000004         ; r2 = Zählvariable
   45 00000004         ; r3 = Endvariable
   46 00000004         ; r4 = Zahlen die gestrichen werden
   47 00000004         ; r5 = Endvariable
   48 00000004         ; r6 = Konstante mit 0
   49 00000004         ; r7 = Vergleicht ob eine Zahl gleich Eins ist
   50 00000004         
   51 00000004 4814            ldr              r0,=filter  ; Die Adresse auf e
                                                            in Feld mit 1000 Ei
                                                            nsen wird geladen
   52 00000006 4915            ldr              r1,=prim    ; Die Adresse auf e
                                                            in Feld mit den Pri
                                                            mzahlen bis 1000 wi
                                                            rd geladen
   53 00000008 F04F 0600       mov              r6,#0       ; Konstante um 0 zu
                                                             speichern
   54 0000000C         
   55 0000000C         ; Sieb des Eratosthenes
   56 0000000C         
   57 0000000C         for_00
   58 0000000C F04F 0202       mov              r2,#2       ; Zählvariable
   59 00000010 F44F 737A       mov              r3,#1000    ; Endvariable
   60 00000014         until_00
   61 00000014 429A            cmp              r2,r3       ; Vergleich
   62 00000016 DC0F            bgt              enddo_00    ; Sprung, wenn r2 g
                                                            rößer ist als r3, a
                                                            ns Ende der Schleif
                                                            e 00
   63 00000018         do_00



ARM Macro Assembler    Page 9 


   64 00000018         
   65 00000018         if_01
   66 00000018 5C87            ldrb             r7, [r0,r2] ; Wert der Adresse 
                                                            an der Stelle r0 + 
                                                            r2 wird in r7 gesch
                                                            rieben 
   67 0000001A 2F0F            cmp              r7,#0xf     ; Vergleich mit 1
   68 0000001C D108            bne              else_01     ; bei false zu else
                                                            _01
   69 0000001E         
   70 0000001E         then_01
   71 0000001E         
   72 0000001E         for_02
   73 0000001E FB02 F402       mul              r4,r2,r2    ; Zählvariable ab Q
                                                            uadratzahl
   74 00000022 F44F 757A       mov              r5,#1000    ; Endvariable
   75 00000026         until_02
   76 00000026 42AC            cmp              r4,r5       ; Vergleich
   77 00000028 DA02            bge              enddo_02    ; Sprung, wenn r4 g
                                                            rößer gleich ist al
                                                            s r5, ans Ende der 
                                                            Schleife 02
   78 0000002A         do_02
   79 0000002A 5506            strb             r6,[r0,r4]  ; Der Wert r6=0 wir
                                                            d auf die Adresse a
                                                            n der Stelle r0+r4 
                                                            geschrieben 
   80 0000002C         step_02
   81 0000002C 4414            add              r4,r2       ; Um alle Vielfache
                                                            n von r2 zu streich
                                                            en wird r4 um r2 er
                                                            höht
   82 0000002E E7FA            b                until_02
   83 00000030         enddo_02
   84 00000030         
   85 00000030         else_01
   86 00000030 E7FF            b                step_00
   87 00000032         step_00
   88 00000032 F102 0201       add              r2,#1       ; Wenn alle Vielfac
                                                            hen von r2 gestrich
                                                            en wurden, wird r2 
                                                            um 1 erhöht
   89 00000036 E7ED            b                until_00
   90 00000038         enddo_00
   91 00000038         
   92 00000038         ; Speichern der Primzahlen in einem Feld
   93 00000038         
   94 00000038         for_03
   95 00000038 F04F 0202       mov              r2,#2       ; Zählvariable
   96 0000003C F44F 737A       mov              r3,#1000    ; Endvariable
   97 00000040         until_03
   98 00000040 429A            cmp              r2,r3       ; Vergleich
   99 00000042 DA08            bge              enddo_03
  100 00000044         do_03
  101 00000044         
  102 00000044         if_04
  103 00000044 5C87            ldrb             r7, [r0,r2] ; Lädt den Wert von
                                                             r0 + r2 in r7
  104 00000046 2F0F            cmp              r7,#0xf     ; Vergleich



ARM Macro Assembler    Page 10 


  105 00000048 D101            bne              else_04
  106 0000004A         then_04
  107 0000004A F821 2B02       strh             r2,[r1],#2  ; Speichert den Wer
                                                            t der Zählvariable 
                                                            in r1
  108 0000004E         else_04
  109 0000004E E7FF            b                step_03
  110 00000050         step_03
  111 00000050 F102 0201       add              r2,#1       ; r2++
  112 00000054 E7F4            b                until_03
  113 00000056         enddo_03
  114 00000056         
  115 00000056 E7FE    forever b                forever     ; nowhere to retun 
                                                            if main ends  
  116 00000058                 ENDP
  117 00000058         
  118 00000058                 ALIGN
  119 00000058         
  120 00000058                 END
              00000000 
              00000000 
Command Line: --debug --xref --diag_suppress=9931 --cpu=Cortex-M3 --apcs=interw
ork --depend=.\objects\main.d -o.\objects\main.o -IC:\Keil_v5\ARM\RV31\INC -IC:
\Keil_v5\ARM\CMSIS\Include -IC:\Keil_v5\ARM\Inc\ST\STM32F10x --predefine="__EVA
L SETA 1" --predefine="__UVISION_VERSION SETA 523" --list=.\listings\main.lst m
ain.s



ARM Macro Assembler    Page 1 Alphabetic symbol ordering
Relocatable symbols

MyData 00000000

Symbol: MyData
   Definitions
      At line 23 in file main.s
   Uses
      None
Comment: MyData unused
filter 00000000

Symbol: filter
   Definitions
      At line 25 in file main.s
   Uses
      At line 51 in file main.s
Comment: filter used once
prim 000003E8

Symbol: prim
   Definitions
      At line 26 in file main.s
   Uses
      At line 52 in file main.s
Comment: prim used once
3 symbols



ARM Macro Assembler    Page 1 Alphabetic symbol ordering
Relocatable symbols

.text 00000000

Symbol: .text
   Definitions
      At line 32 in file main.s
   Uses
      None
Comment: .text unused
do_00 00000018

Symbol: do_00
   Definitions
      At line 63 in file main.s
   Uses
      None
Comment: do_00 unused
do_02 0000002A

Symbol: do_02
   Definitions
      At line 78 in file main.s
   Uses
      None
Comment: do_02 unused
do_03 00000044

Symbol: do_03
   Definitions
      At line 100 in file main.s
   Uses
      None
Comment: do_03 unused
else_01 00000030

Symbol: else_01
   Definitions
      At line 85 in file main.s
   Uses
      At line 68 in file main.s
Comment: else_01 used once
else_04 0000004E

Symbol: else_04
   Definitions
      At line 108 in file main.s
   Uses
      At line 105 in file main.s
Comment: else_04 used once
enddo_00 00000038

Symbol: enddo_00
   Definitions
      At line 90 in file main.s
   Uses
      At line 62 in file main.s
Comment: enddo_00 used once
enddo_02 00000030

Symbol: enddo_02



ARM Macro Assembler    Page 2 Alphabetic symbol ordering
Relocatable symbols

   Definitions
      At line 83 in file main.s
   Uses
      At line 77 in file main.s
Comment: enddo_02 used once
enddo_03 00000056

Symbol: enddo_03
   Definitions
      At line 113 in file main.s
   Uses
      At line 99 in file main.s
Comment: enddo_03 used once
for_00 0000000C

Symbol: for_00
   Definitions
      At line 57 in file main.s
   Uses
      None
Comment: for_00 unused
for_02 0000001E

Symbol: for_02
   Definitions
      At line 72 in file main.s
   Uses
      None
Comment: for_02 unused
for_03 00000038

Symbol: for_03
   Definitions
      At line 94 in file main.s
   Uses
      None
Comment: for_03 unused
forever 00000056

Symbol: forever
   Definitions
      At line 115 in file main.s
   Uses
      At line 115 in file main.s
Comment: forever used once
if_01 00000018

Symbol: if_01
   Definitions
      At line 65 in file main.s
   Uses
      None
Comment: if_01 unused
if_04 00000044

Symbol: if_04
   Definitions
      At line 102 in file main.s
   Uses



ARM Macro Assembler    Page 3 Alphabetic symbol ordering
Relocatable symbols

      None
Comment: if_04 unused
main 00000000

Symbol: main
   Definitions
      At line 39 in file main.s
   Uses
      At line 37 in file main.s
Comment: main used once
step_00 00000032

Symbol: step_00
   Definitions
      At line 87 in file main.s
   Uses
      At line 86 in file main.s
Comment: step_00 used once
step_02 0000002C

Symbol: step_02
   Definitions
      At line 80 in file main.s
   Uses
      None
Comment: step_02 unused
step_03 00000050

Symbol: step_03
   Definitions
      At line 110 in file main.s
   Uses
      At line 109 in file main.s
Comment: step_03 used once
then_01 0000001E

Symbol: then_01
   Definitions
      At line 70 in file main.s
   Uses
      None
Comment: then_01 unused
then_04 0000004A

Symbol: then_04
   Definitions
      At line 106 in file main.s
   Uses
      None
Comment: then_04 unused
until_00 00000014

Symbol: until_00
   Definitions
      At line 60 in file main.s
   Uses
      At line 89 in file main.s
Comment: until_00 used once
until_02 00000026



ARM Macro Assembler    Page 4 Alphabetic symbol ordering
Relocatable symbols


Symbol: until_02
   Definitions
      At line 75 in file main.s
   Uses
      At line 82 in file main.s
Comment: until_02 used once
until_03 00000040

Symbol: until_03
   Definitions
      At line 97 in file main.s
   Uses
      At line 112 in file main.s
Comment: until_03 used once
24 symbols



ARM Macro Assembler    Page 1 Alphabetic symbol ordering
External symbols

Init_TI_Board 00000000

Symbol: Init_TI_Board
   Definitions
      At line 14 in file main.s
      At line 38 in file main.s
   Uses
      At line 40 in file main.s
Warning: Init_TI_Board multiply definedComment: Init_TI_Board used once
TFT_puts 00000000

Symbol: TFT_puts
   Definitions
      At line 17 in file main.s
   Uses
      None
Comment: TFT_puts unused
puts 00000000

Symbol: puts
   Definitions
      At line 16 in file main.s
   Uses
      None
Comment: puts unused
3 symbols
364 symbols in table
